<?xml version="1.0" encoding="UTF-8"?>
<robot generator="Robot 3.0 (Jython 2.7.0 on java1.8.0_121)" generated="20170130 19:27:34.080">
<suite source="C:\Users\moonb\OneDrive\Documents\1Spring2017\Software\tic-tac-toe-Repo-master\src\test\acceptancetest" name="Acceptancetest" id="s1">
<suite source="C:\Users\moonb\OneDrive\Documents\1Spring2017\Software\tic-tac-toe-Repo-master\src\test\acceptancetest\TicTacToeGUITests.txt" name="TicTacToeGUITests" id="s1-s1">
<test name="Win Diagonally as X" id="s1-s1-t1">
<kw name="Start New Game">
<kw library="SwingLibrary" name="Start Application">
<doc>Alias for `Launch Application` keyword</doc>
<arguments>
<arg>edu.jsu.mcis.TicTacToe</arg>
</arguments>
<msg level="INFO" timestamp="20170130 19:27:39.450">You suck
Location00
Location01
Location02
Location10
Location11
Location12
Location20
Location21
Location22
You suck
Location00
Location01
Location02
Location10
Location11
Location12
Location20
Location21
Location22</msg>
<status endtime="20170130 19:27:39.455" starttime="20170130 19:27:37.417" status="PASS"></status>
</kw>
<kw library="SwingLibrary" name="Select Window">
<doc>Selects a window as current context and sets focus to it.</doc>
<arguments>
<arg>Tic Tac Toe</arg>
</arguments>
<status endtime="20170130 19:27:39.823" starttime="20170130 19:27:39.460" status="PASS"></status>
</kw>
<status endtime="20170130 19:27:39.828" starttime="20170130 19:27:37.409" status="PASS"></status>
</kw>
<kw name="Mark Location">
<arguments>
<arg>1</arg>
<arg>1</arg>
</arguments>
<kw library="BuiltIn" name="Catenate">
<doc>Catenates the given items together and returns the resulted string.</doc>
<arguments>
<arg>SEPARATOR=</arg>
<arg>Location</arg>
<arg>${row}</arg>
<arg>${col}</arg>
</arguments>
<assign>
<var>${component}</var>
</assign>
<msg level="INFO" timestamp="20170130 19:27:39.884">${component} = Location11</msg>
<status endtime="20170130 19:27:39.896" starttime="20170130 19:27:39.850" status="PASS"></status>
</kw>
<kw library="SwingLibrary" name="Click On Component">
<doc>Clicks on a component.</doc>
<arguments>
<arg>${component}</arg>
</arguments>
<status endtime="20170130 19:27:40.012" starttime="20170130 19:27:39.899" status="PASS"></status>
</kw>
<status endtime="20170130 19:27:40.027" starttime="20170130 19:27:39.832" status="PASS"></status>
</kw>
<kw name="Check Location">
<arguments>
<arg>1</arg>
<arg>1</arg>
<arg>X</arg>
</arguments>
<kw library="BuiltIn" name="Catenate">
<doc>Catenates the given items together and returns the resulted string.</doc>
<arguments>
<arg>SEPARATOR=</arg>
<arg>Location</arg>
<arg>${row}</arg>
<arg>${col}</arg>
</arguments>
<assign>
<var>${component}</var>
</assign>
<msg level="INFO" timestamp="20170130 19:27:40.066">${component} = Location11</msg>
<status endtime="20170130 19:27:40.070" starttime="20170130 19:27:40.057" status="PASS"></status>
</kw>
<kw library="SwingLibrary" name="Get Button Text">
<doc>Uses current context to search for a button and when found, returns the text it is labeled with.</doc>
<arguments>
<arg>${component}</arg>
</arguments>
<assign>
<var>${buttonText}</var>
</assign>
<msg level="INFO" timestamp="20170130 19:27:40.288">${buttonText} = X</msg>
<status endtime="20170130 19:27:40.291" starttime="20170130 19:27:40.072" status="PASS"></status>
</kw>
<kw library="BuiltIn" name="Should Be Equal">
<doc>Fails if the given objects are unequal.</doc>
<arguments>
<arg>${buttonText}</arg>
<arg>${mark}</arg>
</arguments>
<status endtime="20170130 19:27:40.311" starttime="20170130 19:27:40.302" status="PASS"></status>
</kw>
<status endtime="20170130 19:27:40.314" starttime="20170130 19:27:40.047" status="PASS"></status>
</kw>
<kw name="Mark Location">
<arguments>
<arg>0</arg>
<arg>1</arg>
</arguments>
<kw library="BuiltIn" name="Catenate">
<doc>Catenates the given items together and returns the resulted string.</doc>
<arguments>
<arg>SEPARATOR=</arg>
<arg>Location</arg>
<arg>${row}</arg>
<arg>${col}</arg>
</arguments>
<assign>
<var>${component}</var>
</assign>
<msg level="INFO" timestamp="20170130 19:27:40.338">${component} = Location01</msg>
<status endtime="20170130 19:27:40.339" starttime="20170130 19:27:40.322" status="PASS"></status>
</kw>
<kw library="SwingLibrary" name="Click On Component">
<doc>Clicks on a component.</doc>
<arguments>
<arg>${component}</arg>
</arguments>
<status endtime="20170130 19:27:40.384" starttime="20170130 19:27:40.355" status="PASS"></status>
</kw>
<status endtime="20170130 19:27:40.405" starttime="20170130 19:27:40.316" status="PASS"></status>
</kw>
<kw name="Check Location">
<arguments>
<arg>0</arg>
<arg>1</arg>
<arg>O</arg>
</arguments>
<kw library="BuiltIn" name="Catenate">
<doc>Catenates the given items together and returns the resulted string.</doc>
<arguments>
<arg>SEPARATOR=</arg>
<arg>Location</arg>
<arg>${row}</arg>
<arg>${col}</arg>
</arguments>
<assign>
<var>${component}</var>
</assign>
<msg level="INFO" timestamp="20170130 19:27:40.439">${component} = Location01</msg>
<status endtime="20170130 19:27:40.440" starttime="20170130 19:27:40.431" status="PASS"></status>
</kw>
<kw library="SwingLibrary" name="Get Button Text">
<doc>Uses current context to search for a button and when found, returns the text it is labeled with.</doc>
<arguments>
<arg>${component}</arg>
</arguments>
<assign>
<var>${buttonText}</var>
</assign>
<msg level="INFO" timestamp="20170130 19:27:40.514">${buttonText} = O</msg>
<status endtime="20170130 19:27:40.516" starttime="20170130 19:27:40.442" status="PASS"></status>
</kw>
<kw library="BuiltIn" name="Should Be Equal">
<doc>Fails if the given objects are unequal.</doc>
<arguments>
<arg>${buttonText}</arg>
<arg>${mark}</arg>
</arguments>
<status endtime="20170130 19:27:40.537" starttime="20170130 19:27:40.527" status="PASS"></status>
</kw>
<status endtime="20170130 19:27:40.549" starttime="20170130 19:27:40.418" status="PASS"></status>
</kw>
<kw name="Mark Location">
<arguments>
<arg>0</arg>
<arg>0</arg>
</arguments>
<kw library="BuiltIn" name="Catenate">
<doc>Catenates the given items together and returns the resulted string.</doc>
<arguments>
<arg>SEPARATOR=</arg>
<arg>Location</arg>
<arg>${row}</arg>
<arg>${col}</arg>
</arguments>
<assign>
<var>${component}</var>
</assign>
<msg level="INFO" timestamp="20170130 19:27:40.562">${component} = Location00</msg>
<status endtime="20170130 19:27:40.564" starttime="20170130 19:27:40.556" status="PASS"></status>
</kw>
<kw library="SwingLibrary" name="Click On Component">
<doc>Clicks on a component.</doc>
<arguments>
<arg>${component}</arg>
</arguments>
<status endtime="20170130 19:27:40.615" starttime="20170130 19:27:40.565" status="PASS"></status>
</kw>
<status endtime="20170130 19:27:40.618" starttime="20170130 19:27:40.551" status="PASS"></status>
</kw>
<kw name="Check Location">
<arguments>
<arg>0</arg>
<arg>0</arg>
<arg>X</arg>
</arguments>
<kw library="BuiltIn" name="Catenate">
<doc>Catenates the given items together and returns the resulted string.</doc>
<arguments>
<arg>SEPARATOR=</arg>
<arg>Location</arg>
<arg>${row}</arg>
<arg>${col}</arg>
</arguments>
<assign>
<var>${component}</var>
</assign>
<msg level="INFO" timestamp="20170130 19:27:40.649">${component} = Location00</msg>
<status endtime="20170130 19:27:40.650" starttime="20170130 19:27:40.635" status="PASS"></status>
</kw>
<kw library="SwingLibrary" name="Get Button Text">
<doc>Uses current context to search for a button and when found, returns the text it is labeled with.</doc>
<arguments>
<arg>${component}</arg>
</arguments>
<assign>
<var>${buttonText}</var>
</assign>
<msg level="INFO" timestamp="20170130 19:27:40.671">${buttonText} = X</msg>
<status endtime="20170130 19:27:40.672" starttime="20170130 19:27:40.652" status="PASS"></status>
</kw>
<kw library="BuiltIn" name="Should Be Equal">
<doc>Fails if the given objects are unequal.</doc>
<arguments>
<arg>${buttonText}</arg>
<arg>${mark}</arg>
</arguments>
<status endtime="20170130 19:27:40.685" starttime="20170130 19:27:40.675" status="PASS"></status>
</kw>
<status endtime="20170130 19:27:40.689" starttime="20170130 19:27:40.622" status="PASS"></status>
</kw>
<kw name="Mark Location">
<arguments>
<arg>0</arg>
<arg>2</arg>
</arguments>
<kw library="BuiltIn" name="Catenate">
<doc>Catenates the given items together and returns the resulted string.</doc>
<arguments>
<arg>SEPARATOR=</arg>
<arg>Location</arg>
<arg>${row}</arg>
<arg>${col}</arg>
</arguments>
<assign>
<var>${component}</var>
</assign>
<msg level="INFO" timestamp="20170130 19:27:40.713">${component} = Location02</msg>
<status endtime="20170130 19:27:40.714" starttime="20170130 19:27:40.705" status="PASS"></status>
</kw>
<kw library="SwingLibrary" name="Click On Component">
<doc>Clicks on a component.</doc>
<arguments>
<arg>${component}</arg>
</arguments>
<status endtime="20170130 19:27:40.760" starttime="20170130 19:27:40.716" status="PASS"></status>
</kw>
<status endtime="20170130 19:27:40.763" starttime="20170130 19:27:40.692" status="PASS"></status>
</kw>
<kw name="Check Location">
<arguments>
<arg>0</arg>
<arg>2</arg>
<arg>O</arg>
</arguments>
<kw library="BuiltIn" name="Catenate">
<doc>Catenates the given items together and returns the resulted string.</doc>
<arguments>
<arg>SEPARATOR=</arg>
<arg>Location</arg>
<arg>${row}</arg>
<arg>${col}</arg>
</arguments>
<assign>
<var>${component}</var>
</assign>
<msg level="INFO" timestamp="20170130 19:27:40.789">${component} = Location02</msg>
<status endtime="20170130 19:27:40.790" starttime="20170130 19:27:40.775" status="PASS"></status>
</kw>
<kw library="SwingLibrary" name="Get Button Text">
<doc>Uses current context to search for a button and when found, returns the text it is labeled with.</doc>
<arguments>
<arg>${component}</arg>
</arguments>
<assign>
<var>${buttonText}</var>
</assign>
<msg level="INFO" timestamp="20170130 19:27:40.824">${buttonText} = O</msg>
<status endtime="20170130 19:27:40.826" starttime="20170130 19:27:40.797" status="PASS"></status>
</kw>
<kw library="BuiltIn" name="Should Be Equal">
<doc>Fails if the given objects are unequal.</doc>
<arguments>
<arg>${buttonText}</arg>
<arg>${mark}</arg>
</arguments>
<status endtime="20170130 19:27:40.847" starttime="20170130 19:27:40.829" status="PASS"></status>
</kw>
<status endtime="20170130 19:27:40.852" starttime="20170130 19:27:40.765" status="PASS"></status>
</kw>
<kw name="Mark Location">
<arguments>
<arg>2</arg>
<arg>2</arg>
</arguments>
<kw library="BuiltIn" name="Catenate">
<doc>Catenates the given items together and returns the resulted string.</doc>
<arguments>
<arg>SEPARATOR=</arg>
<arg>Location</arg>
<arg>${row}</arg>
<arg>${col}</arg>
</arguments>
<assign>
<var>${component}</var>
</assign>
<msg level="INFO" timestamp="20170130 19:27:40.873">${component} = Location22</msg>
<status endtime="20170130 19:27:40.875" starttime="20170130 19:27:40.862" status="PASS"></status>
</kw>
<kw library="SwingLibrary" name="Click On Component">
<doc>Clicks on a component.</doc>
<arguments>
<arg>${component}</arg>
</arguments>
<status endtime="20170130 19:27:40.912" starttime="20170130 19:27:40.876" status="PASS"></status>
</kw>
<status endtime="20170130 19:27:40.915" starttime="20170130 19:27:40.857" status="PASS"></status>
</kw>
<kw name="Check Location">
<arguments>
<arg>2</arg>
<arg>2</arg>
<arg>X</arg>
</arguments>
<kw library="BuiltIn" name="Catenate">
<doc>Catenates the given items together and returns the resulted string.</doc>
<arguments>
<arg>SEPARATOR=</arg>
<arg>Location</arg>
<arg>${row}</arg>
<arg>${col}</arg>
</arguments>
<assign>
<var>${component}</var>
</assign>
<msg level="INFO" timestamp="20170130 19:27:40.935">${component} = Location22</msg>
<status endtime="20170130 19:27:40.939" starttime="20170130 19:27:40.928" status="PASS"></status>
</kw>
<kw library="SwingLibrary" name="Get Button Text">
<doc>Uses current context to search for a button and when found, returns the text it is labeled with.</doc>
<arguments>
<arg>${component}</arg>
</arguments>
<assign>
<var>${buttonText}</var>
</assign>
<msg level="INFO" timestamp="20170130 19:27:40.970">${buttonText} = X</msg>
<status endtime="20170130 19:27:40.972" starttime="20170130 19:27:40.942" status="PASS"></status>
</kw>
<kw library="BuiltIn" name="Should Be Equal">
<doc>Fails if the given objects are unequal.</doc>
<arguments>
<arg>${buttonText}</arg>
<arg>${mark}</arg>
</arguments>
<status endtime="20170130 19:27:40.990" starttime="20170130 19:27:40.975" status="PASS"></status>
</kw>
<status endtime="20170130 19:27:40.992" starttime="20170130 19:27:40.917" status="PASS"></status>
</kw>
<kw name="Winner Should Be">
<arguments>
<arg>X</arg>
</arguments>
<kw library="SwingLibrary" name="Get Label Content">
<doc>Returns the text displayed on a label.</doc>
<arguments>
<arg>ResultLabel</arg>
</arguments>
<assign>
<var>${text}</var>
</assign>
<msg level="INFO" timestamp="20170130 19:27:41.050">${text} = PLAYER: O</msg>
<status endtime="20170130 19:27:41.051" starttime="20170130 19:27:41.003" status="PASS"></status>
</kw>
<kw library="BuiltIn" name="Should Be Equal">
<doc>Fails if the given objects are unequal.</doc>
<arguments>
<arg>${text}</arg>
<arg>${winner}</arg>
</arguments>
<msg level="FAIL" timestamp="20170130 19:27:41.069">PLAYER: O != X</msg>
<status endtime="20170130 19:27:41.072" starttime="20170130 19:27:41.056" status="FAIL"></status>
</kw>
<status endtime="20170130 19:27:41.076" starttime="20170130 19:27:40.996" status="FAIL"></status>
</kw>
<status critical="yes" endtime="20170130 19:27:41.081" starttime="20170130 19:27:37.367" status="FAIL">PLAYER: O != X</status>
</test>
<test name="Win Horizontally as O" id="s1-s1-t2">
<kw name="Start New Game">
<kw library="SwingLibrary" name="Start Application">
<doc>Alias for `Launch Application` keyword</doc>
<arguments>
<arg>edu.jsu.mcis.TicTacToe</arg>
</arguments>
<msg level="INFO" timestamp="20170130 19:27:41.157">You suck
Location00
Location01
Location02
Location10
Location11
Location12
Location20
Location21
Location22
You suck
Location00
Location01
Location02
Location10
Location11
Location12
Location20
Location21
Location22</msg>
<status endtime="20170130 19:27:41.159" starttime="20170130 19:27:41.120" status="PASS"></status>
</kw>
<kw library="SwingLibrary" name="Select Window">
<doc>Selects a window as current context and sets focus to it.</doc>
<arguments>
<arg>Tic Tac Toe</arg>
</arguments>
<status endtime="20170130 19:27:41.229" starttime="20170130 19:27:41.162" status="PASS"></status>
</kw>
<status endtime="20170130 19:27:41.233" starttime="20170130 19:27:41.116" status="PASS"></status>
</kw>
<kw name="Mark Location">
<arguments>
<arg>1</arg>
<arg>1</arg>
</arguments>
<kw library="BuiltIn" name="Catenate">
<doc>Catenates the given items together and returns the resulted string.</doc>
<arguments>
<arg>SEPARATOR=</arg>
<arg>Location</arg>
<arg>${row}</arg>
<arg>${col}</arg>
</arguments>
<assign>
<var>${component}</var>
</assign>
<msg level="INFO" timestamp="20170130 19:27:41.270">${component} = Location11</msg>
<status endtime="20170130 19:27:41.273" starttime="20170130 19:27:41.246" status="PASS"></status>
</kw>
<kw library="SwingLibrary" name="Click On Component">
<doc>Clicks on a component.</doc>
<arguments>
<arg>${component}</arg>
</arguments>
<status endtime="20170130 19:27:41.319" starttime="20170130 19:27:41.275" status="PASS"></status>
</kw>
<status endtime="20170130 19:27:41.323" starttime="20170130 19:27:41.235" status="PASS"></status>
</kw>
<kw name="Check Location">
<arguments>
<arg>1</arg>
<arg>1</arg>
<arg>X</arg>
</arguments>
<kw library="BuiltIn" name="Catenate">
<doc>Catenates the given items together and returns the resulted string.</doc>
<arguments>
<arg>SEPARATOR=</arg>
<arg>Location</arg>
<arg>${row}</arg>
<arg>${col}</arg>
</arguments>
<assign>
<var>${component}</var>
</assign>
<msg level="INFO" timestamp="20170130 19:27:41.359">${component} = Location11</msg>
<status endtime="20170130 19:27:41.360" starttime="20170130 19:27:41.340" status="PASS"></status>
</kw>
<kw library="SwingLibrary" name="Get Button Text">
<doc>Uses current context to search for a button and when found, returns the text it is labeled with.</doc>
<arguments>
<arg>${component}</arg>
</arguments>
<assign>
<var>${buttonText}</var>
</assign>
<msg level="INFO" timestamp="20170130 19:27:41.397">${buttonText} = O</msg>
<status endtime="20170130 19:27:41.398" starttime="20170130 19:27:41.370" status="PASS"></status>
</kw>
<kw library="BuiltIn" name="Should Be Equal">
<doc>Fails if the given objects are unequal.</doc>
<arguments>
<arg>${buttonText}</arg>
<arg>${mark}</arg>
</arguments>
<msg level="FAIL" timestamp="20170130 19:27:41.409">O != X</msg>
<status endtime="20170130 19:27:41.411" starttime="20170130 19:27:41.400" status="FAIL"></status>
</kw>
<status endtime="20170130 19:27:41.415" starttime="20170130 19:27:41.325" status="FAIL"></status>
</kw>
<status critical="yes" endtime="20170130 19:27:41.417" starttime="20170130 19:27:41.099" status="FAIL">O != X</status>
</test>
<test name="Force a Tie" id="s1-s1-t3">
<kw name="Start New Game">
<kw library="SwingLibrary" name="Start Application">
<doc>Alias for `Launch Application` keyword</doc>
<arguments>
<arg>edu.jsu.mcis.TicTacToe</arg>
</arguments>
<msg level="INFO" timestamp="20170130 19:27:41.499">You suck
Location00
Location01
Location02
Location10
Location11
Location12
Location20
Location21
Location22
You suck
Location00
Location01
Location02
Location10
Location11
Location12
Location20
Location21
Location22</msg>
<status endtime="20170130 19:27:41.501" starttime="20170130 19:27:41.443" status="PASS"></status>
</kw>
<kw library="SwingLibrary" name="Select Window">
<doc>Selects a window as current context and sets focus to it.</doc>
<arguments>
<arg>Tic Tac Toe</arg>
</arguments>
<status endtime="20170130 19:27:41.566" starttime="20170130 19:27:41.507" status="PASS"></status>
</kw>
<status endtime="20170130 19:27:41.569" starttime="20170130 19:27:41.431" status="PASS"></status>
</kw>
<kw name="Mark Location">
<arguments>
<arg>1</arg>
<arg>1</arg>
</arguments>
<kw library="BuiltIn" name="Catenate">
<doc>Catenates the given items together and returns the resulted string.</doc>
<arguments>
<arg>SEPARATOR=</arg>
<arg>Location</arg>
<arg>${row}</arg>
<arg>${col}</arg>
</arguments>
<assign>
<var>${component}</var>
</assign>
<msg level="INFO" timestamp="20170130 19:27:41.591">${component} = Location11</msg>
<status endtime="20170130 19:27:41.592" starttime="20170130 19:27:41.580" status="PASS"></status>
</kw>
<kw library="SwingLibrary" name="Click On Component">
<doc>Clicks on a component.</doc>
<arguments>
<arg>${component}</arg>
</arguments>
<status endtime="20170130 19:27:41.660" starttime="20170130 19:27:41.594" status="PASS"></status>
</kw>
<status endtime="20170130 19:27:41.664" starttime="20170130 19:27:41.573" status="PASS"></status>
</kw>
<kw name="Check Location">
<arguments>
<arg>1</arg>
<arg>1</arg>
<arg>X</arg>
</arguments>
<kw library="BuiltIn" name="Catenate">
<doc>Catenates the given items together and returns the resulted string.</doc>
<arguments>
<arg>SEPARATOR=</arg>
<arg>Location</arg>
<arg>${row}</arg>
<arg>${col}</arg>
</arguments>
<assign>
<var>${component}</var>
</assign>
<msg level="INFO" timestamp="20170130 19:27:41.690">${component} = Location11</msg>
<status endtime="20170130 19:27:41.692" starttime="20170130 19:27:41.676" status="PASS"></status>
</kw>
<kw library="SwingLibrary" name="Get Button Text">
<doc>Uses current context to search for a button and when found, returns the text it is labeled with.</doc>
<arguments>
<arg>${component}</arg>
</arguments>
<assign>
<var>${buttonText}</var>
</assign>
<msg level="INFO" timestamp="20170130 19:27:41.731">${buttonText} = X</msg>
<status endtime="20170130 19:27:41.732" starttime="20170130 19:27:41.700" status="PASS"></status>
</kw>
<kw library="BuiltIn" name="Should Be Equal">
<doc>Fails if the given objects are unequal.</doc>
<arguments>
<arg>${buttonText}</arg>
<arg>${mark}</arg>
</arguments>
<status endtime="20170130 19:27:41.749" starttime="20170130 19:27:41.735" status="PASS"></status>
</kw>
<status endtime="20170130 19:27:41.751" starttime="20170130 19:27:41.667" status="PASS"></status>
</kw>
<kw name="Mark Location">
<arguments>
<arg>0</arg>
<arg>0</arg>
</arguments>
<kw library="BuiltIn" name="Catenate">
<doc>Catenates the given items together and returns the resulted string.</doc>
<arguments>
<arg>SEPARATOR=</arg>
<arg>Location</arg>
<arg>${row}</arg>
<arg>${col}</arg>
</arguments>
<assign>
<var>${component}</var>
</assign>
<msg level="INFO" timestamp="20170130 19:27:41.767">${component} = Location00</msg>
<status endtime="20170130 19:27:41.768" starttime="20170130 19:27:41.760" status="PASS"></status>
</kw>
<kw library="SwingLibrary" name="Click On Component">
<doc>Clicks on a component.</doc>
<arguments>
<arg>${component}</arg>
</arguments>
<status endtime="20170130 19:27:41.810" starttime="20170130 19:27:41.770" status="PASS"></status>
</kw>
<status endtime="20170130 19:27:41.813" starttime="20170130 19:27:41.754" status="PASS"></status>
</kw>
<kw name="Check Location">
<arguments>
<arg>0</arg>
<arg>0</arg>
<arg>O</arg>
</arguments>
<kw library="BuiltIn" name="Catenate">
<doc>Catenates the given items together and returns the resulted string.</doc>
<arguments>
<arg>SEPARATOR=</arg>
<arg>Location</arg>
<arg>${row}</arg>
<arg>${col}</arg>
</arguments>
<assign>
<var>${component}</var>
</assign>
<msg level="INFO" timestamp="20170130 19:27:41.841">${component} = Location00</msg>
<status endtime="20170130 19:27:41.842" starttime="20170130 19:27:41.825" status="PASS"></status>
</kw>
<kw library="SwingLibrary" name="Get Button Text">
<doc>Uses current context to search for a button and when found, returns the text it is labeled with.</doc>
<arguments>
<arg>${component}</arg>
</arguments>
<assign>
<var>${buttonText}</var>
</assign>
<msg level="INFO" timestamp="20170130 19:27:41.895">${buttonText} = O</msg>
<status endtime="20170130 19:27:41.896" starttime="20170130 19:27:41.849" status="PASS"></status>
</kw>
<kw library="BuiltIn" name="Should Be Equal">
<doc>Fails if the given objects are unequal.</doc>
<arguments>
<arg>${buttonText}</arg>
<arg>${mark}</arg>
</arguments>
<status endtime="20170130 19:27:41.932" starttime="20170130 19:27:41.903" status="PASS"></status>
</kw>
<status endtime="20170130 19:27:41.934" starttime="20170130 19:27:41.815" status="PASS"></status>
</kw>
<kw name="Mark Location">
<arguments>
<arg>2</arg>
<arg>0</arg>
</arguments>
<kw library="BuiltIn" name="Catenate">
<doc>Catenates the given items together and returns the resulted string.</doc>
<arguments>
<arg>SEPARATOR=</arg>
<arg>Location</arg>
<arg>${row}</arg>
<arg>${col}</arg>
</arguments>
<assign>
<var>${component}</var>
</assign>
<msg level="INFO" timestamp="20170130 19:27:41.962">${component} = Location20</msg>
<status endtime="20170130 19:27:41.964" starttime="20170130 19:27:41.951" status="PASS"></status>
</kw>
<kw library="SwingLibrary" name="Click On Component">
<doc>Clicks on a component.</doc>
<arguments>
<arg>${component}</arg>
</arguments>
<status endtime="20170130 19:27:42.009" starttime="20170130 19:27:41.967" status="PASS"></status>
</kw>
<status endtime="20170130 19:27:42.016" starttime="20170130 19:27:41.942" status="PASS"></status>
</kw>
<kw name="Check Location">
<arguments>
<arg>2</arg>
<arg>0</arg>
<arg>X</arg>
</arguments>
<kw library="BuiltIn" name="Catenate">
<doc>Catenates the given items together and returns the resulted string.</doc>
<arguments>
<arg>SEPARATOR=</arg>
<arg>Location</arg>
<arg>${row}</arg>
<arg>${col}</arg>
</arguments>
<assign>
<var>${component}</var>
</assign>
<msg level="INFO" timestamp="20170130 19:27:42.041">${component} = Location20</msg>
<status endtime="20170130 19:27:42.043" starttime="20170130 19:27:42.027" status="PASS"></status>
</kw>
<kw library="SwingLibrary" name="Get Button Text">
<doc>Uses current context to search for a button and when found, returns the text it is labeled with.</doc>
<arguments>
<arg>${component}</arg>
</arguments>
<assign>
<var>${buttonText}</var>
</assign>
<msg level="INFO" timestamp="20170130 19:27:42.088">${buttonText} = X</msg>
<status endtime="20170130 19:27:42.092" starttime="20170130 19:27:42.047" status="PASS"></status>
</kw>
<kw library="BuiltIn" name="Should Be Equal">
<doc>Fails if the given objects are unequal.</doc>
<arguments>
<arg>${buttonText}</arg>
<arg>${mark}</arg>
</arguments>
<status endtime="20170130 19:27:42.109" starttime="20170130 19:27:42.094" status="PASS"></status>
</kw>
<status endtime="20170130 19:27:42.112" starttime="20170130 19:27:42.018" status="PASS"></status>
</kw>
<kw name="Mark Location">
<arguments>
<arg>0</arg>
<arg>2</arg>
</arguments>
<kw library="BuiltIn" name="Catenate">
<doc>Catenates the given items together and returns the resulted string.</doc>
<arguments>
<arg>SEPARATOR=</arg>
<arg>Location</arg>
<arg>${row}</arg>
<arg>${col}</arg>
</arguments>
<assign>
<var>${component}</var>
</assign>
<msg level="INFO" timestamp="20170130 19:27:42.132">${component} = Location02</msg>
<status endtime="20170130 19:27:42.138" starttime="20170130 19:27:42.123" status="PASS"></status>
</kw>
<kw library="SwingLibrary" name="Click On Component">
<doc>Clicks on a component.</doc>
<arguments>
<arg>${component}</arg>
</arguments>
<status endtime="20170130 19:27:42.223" starttime="20170130 19:27:42.140" status="PASS"></status>
</kw>
<status endtime="20170130 19:27:42.226" starttime="20170130 19:27:42.114" status="PASS"></status>
</kw>
<kw name="Check Location">
<arguments>
<arg>0</arg>
<arg>2</arg>
<arg>O</arg>
</arguments>
<kw library="BuiltIn" name="Catenate">
<doc>Catenates the given items together and returns the resulted string.</doc>
<arguments>
<arg>SEPARATOR=</arg>
<arg>Location</arg>
<arg>${row}</arg>
<arg>${col}</arg>
</arguments>
<assign>
<var>${component}</var>
</assign>
<msg level="INFO" timestamp="20170130 19:27:42.244">${component} = Location02</msg>
<status endtime="20170130 19:27:42.246" starttime="20170130 19:27:42.235" status="PASS"></status>
</kw>
<kw library="SwingLibrary" name="Get Button Text">
<doc>Uses current context to search for a button and when found, returns the text it is labeled with.</doc>
<arguments>
<arg>${component}</arg>
</arguments>
<assign>
<var>${buttonText}</var>
</assign>
<msg level="INFO" timestamp="20170130 19:27:42.272">${buttonText} = O</msg>
<status endtime="20170130 19:27:42.274" starttime="20170130 19:27:42.248" status="PASS"></status>
</kw>
<kw library="BuiltIn" name="Should Be Equal">
<doc>Fails if the given objects are unequal.</doc>
<arguments>
<arg>${buttonText}</arg>
<arg>${mark}</arg>
</arguments>
<status endtime="20170130 19:27:42.285" starttime="20170130 19:27:42.276" status="PASS"></status>
</kw>
<status endtime="20170130 19:27:42.288" starttime="20170130 19:27:42.228" status="PASS"></status>
</kw>
<kw name="Mark Location">
<arguments>
<arg>0</arg>
<arg>1</arg>
</arguments>
<kw library="BuiltIn" name="Catenate">
<doc>Catenates the given items together and returns the resulted string.</doc>
<arguments>
<arg>SEPARATOR=</arg>
<arg>Location</arg>
<arg>${row}</arg>
<arg>${col}</arg>
</arguments>
<assign>
<var>${component}</var>
</assign>
<msg level="INFO" timestamp="20170130 19:27:42.309">${component} = Location01</msg>
<status endtime="20170130 19:27:42.311" starttime="20170130 19:27:42.300" status="PASS"></status>
</kw>
<kw library="SwingLibrary" name="Click On Component">
<doc>Clicks on a component.</doc>
<arguments>
<arg>${component}</arg>
</arguments>
<status endtime="20170130 19:27:42.337" starttime="20170130 19:27:42.313" status="PASS"></status>
</kw>
<status endtime="20170130 19:27:42.342" starttime="20170130 19:27:42.290" status="PASS"></status>
</kw>
<kw name="Check Location">
<arguments>
<arg>0</arg>
<arg>1</arg>
<arg>X</arg>
</arguments>
<kw library="BuiltIn" name="Catenate">
<doc>Catenates the given items together and returns the resulted string.</doc>
<arguments>
<arg>SEPARATOR=</arg>
<arg>Location</arg>
<arg>${row}</arg>
<arg>${col}</arg>
</arguments>
<assign>
<var>${component}</var>
</assign>
<msg level="INFO" timestamp="20170130 19:27:42.361">${component} = Location01</msg>
<status endtime="20170130 19:27:42.363" starttime="20170130 19:27:42.349" status="PASS"></status>
</kw>
<kw library="SwingLibrary" name="Get Button Text">
<doc>Uses current context to search for a button and when found, returns the text it is labeled with.</doc>
<arguments>
<arg>${component}</arg>
</arguments>
<assign>
<var>${buttonText}</var>
</assign>
<msg level="INFO" timestamp="20170130 19:27:42.377">${buttonText} = X</msg>
<status endtime="20170130 19:27:42.379" starttime="20170130 19:27:42.365" status="PASS"></status>
</kw>
<kw library="BuiltIn" name="Should Be Equal">
<doc>Fails if the given objects are unequal.</doc>
<arguments>
<arg>${buttonText}</arg>
<arg>${mark}</arg>
</arguments>
<status endtime="20170130 19:27:42.393" starttime="20170130 19:27:42.381" status="PASS"></status>
</kw>
<status endtime="20170130 19:27:42.395" starttime="20170130 19:27:42.344" status="PASS"></status>
</kw>
<kw name="Mark Location">
<arguments>
<arg>2</arg>
<arg>1</arg>
</arguments>
<kw library="BuiltIn" name="Catenate">
<doc>Catenates the given items together and returns the resulted string.</doc>
<arguments>
<arg>SEPARATOR=</arg>
<arg>Location</arg>
<arg>${row}</arg>
<arg>${col}</arg>
</arguments>
<assign>
<var>${component}</var>
</assign>
<msg level="INFO" timestamp="20170130 19:27:42.415">${component} = Location21</msg>
<status endtime="20170130 19:27:42.417" starttime="20170130 19:27:42.406" status="PASS"></status>
</kw>
<kw library="SwingLibrary" name="Click On Component">
<doc>Clicks on a component.</doc>
<arguments>
<arg>${component}</arg>
</arguments>
<status endtime="20170130 19:27:42.449" starttime="20170130 19:27:42.419" status="PASS"></status>
</kw>
<status endtime="20170130 19:27:42.452" starttime="20170130 19:27:42.397" status="PASS"></status>
</kw>
<kw name="Check Location">
<arguments>
<arg>2</arg>
<arg>1</arg>
<arg>O</arg>
</arguments>
<kw library="BuiltIn" name="Catenate">
<doc>Catenates the given items together and returns the resulted string.</doc>
<arguments>
<arg>SEPARATOR=</arg>
<arg>Location</arg>
<arg>${row}</arg>
<arg>${col}</arg>
</arguments>
<assign>
<var>${component}</var>
</assign>
<msg level="INFO" timestamp="20170130 19:27:42.473">${component} = Location21</msg>
<status endtime="20170130 19:27:42.474" starttime="20170130 19:27:42.459" status="PASS"></status>
</kw>
<kw library="SwingLibrary" name="Get Button Text">
<doc>Uses current context to search for a button and when found, returns the text it is labeled with.</doc>
<arguments>
<arg>${component}</arg>
</arguments>
<assign>
<var>${buttonText}</var>
</assign>
<msg level="INFO" timestamp="20170130 19:27:42.540">${buttonText} = O</msg>
<status endtime="20170130 19:27:42.542" starttime="20170130 19:27:42.476" status="PASS"></status>
</kw>
<kw library="BuiltIn" name="Should Be Equal">
<doc>Fails if the given objects are unequal.</doc>
<arguments>
<arg>${buttonText}</arg>
<arg>${mark}</arg>
</arguments>
<status endtime="20170130 19:27:42.550" starttime="20170130 19:27:42.544" status="PASS"></status>
</kw>
<status endtime="20170130 19:27:42.552" starttime="20170130 19:27:42.453" status="PASS"></status>
</kw>
<kw name="Mark Location">
<arguments>
<arg>1</arg>
<arg>2</arg>
</arguments>
<kw library="BuiltIn" name="Catenate">
<doc>Catenates the given items together and returns the resulted string.</doc>
<arguments>
<arg>SEPARATOR=</arg>
<arg>Location</arg>
<arg>${row}</arg>
<arg>${col}</arg>
</arguments>
<assign>
<var>${component}</var>
</assign>
<msg level="INFO" timestamp="20170130 19:27:42.573">${component} = Location12</msg>
<status endtime="20170130 19:27:42.575" starttime="20170130 19:27:42.561" status="PASS"></status>
</kw>
<kw library="SwingLibrary" name="Click On Component">
<doc>Clicks on a component.</doc>
<arguments>
<arg>${component}</arg>
</arguments>
<status endtime="20170130 19:27:42.711" starttime="20170130 19:27:42.579" status="PASS"></status>
</kw>
<status endtime="20170130 19:27:42.714" starttime="20170130 19:27:42.557" status="PASS"></status>
</kw>
<kw name="Check Location">
<arguments>
<arg>1</arg>
<arg>2</arg>
<arg>X</arg>
</arguments>
<kw library="BuiltIn" name="Catenate">
<doc>Catenates the given items together and returns the resulted string.</doc>
<arguments>
<arg>SEPARATOR=</arg>
<arg>Location</arg>
<arg>${row}</arg>
<arg>${col}</arg>
</arguments>
<assign>
<var>${component}</var>
</assign>
<msg level="INFO" timestamp="20170130 19:27:42.728">${component} = Location12</msg>
<status endtime="20170130 19:27:42.729" starttime="20170130 19:27:42.721" status="PASS"></status>
</kw>
<kw library="SwingLibrary" name="Get Button Text">
<doc>Uses current context to search for a button and when found, returns the text it is labeled with.</doc>
<arguments>
<arg>${component}</arg>
</arguments>
<assign>
<var>${buttonText}</var>
</assign>
<msg level="INFO" timestamp="20170130 19:27:42.773">${buttonText} = X</msg>
<status endtime="20170130 19:27:42.775" starttime="20170130 19:27:42.731" status="PASS"></status>
</kw>
<kw library="BuiltIn" name="Should Be Equal">
<doc>Fails if the given objects are unequal.</doc>
<arguments>
<arg>${buttonText}</arg>
<arg>${mark}</arg>
</arguments>
<status endtime="20170130 19:27:42.783" starttime="20170130 19:27:42.777" status="PASS"></status>
</kw>
<status endtime="20170130 19:27:42.788" starttime="20170130 19:27:42.715" status="PASS"></status>
</kw>
<kw name="Mark Location">
<arguments>
<arg>1</arg>
<arg>0</arg>
</arguments>
<kw library="BuiltIn" name="Catenate">
<doc>Catenates the given items together and returns the resulted string.</doc>
<arguments>
<arg>SEPARATOR=</arg>
<arg>Location</arg>
<arg>${row}</arg>
<arg>${col}</arg>
</arguments>
<assign>
<var>${component}</var>
</assign>
<msg level="INFO" timestamp="20170130 19:27:42.811">${component} = Location10</msg>
<status endtime="20170130 19:27:42.812" starttime="20170130 19:27:42.797" status="PASS"></status>
</kw>
<kw library="SwingLibrary" name="Click On Component">
<doc>Clicks on a component.</doc>
<arguments>
<arg>${component}</arg>
</arguments>
<status endtime="20170130 19:27:42.848" starttime="20170130 19:27:42.814" status="PASS"></status>
</kw>
<status endtime="20170130 19:27:42.850" starttime="20170130 19:27:42.790" status="PASS"></status>
</kw>
<kw name="Check Location">
<arguments>
<arg>1</arg>
<arg>0</arg>
<arg>O</arg>
</arguments>
<kw library="BuiltIn" name="Catenate">
<doc>Catenates the given items together and returns the resulted string.</doc>
<arguments>
<arg>SEPARATOR=</arg>
<arg>Location</arg>
<arg>${row}</arg>
<arg>${col}</arg>
</arguments>
<assign>
<var>${component}</var>
</assign>
<msg level="INFO" timestamp="20170130 19:27:42.867">${component} = Location10</msg>
<status endtime="20170130 19:27:42.870" starttime="20170130 19:27:42.859" status="PASS"></status>
</kw>
<kw library="SwingLibrary" name="Get Button Text">
<doc>Uses current context to search for a button and when found, returns the text it is labeled with.</doc>
<arguments>
<arg>${component}</arg>
</arguments>
<assign>
<var>${buttonText}</var>
</assign>
<msg level="INFO" timestamp="20170130 19:27:42.899">${buttonText} = O</msg>
<status endtime="20170130 19:27:42.903" starttime="20170130 19:27:42.874" status="PASS"></status>
</kw>
<kw library="BuiltIn" name="Should Be Equal">
<doc>Fails if the given objects are unequal.</doc>
<arguments>
<arg>${buttonText}</arg>
<arg>${mark}</arg>
</arguments>
<status endtime="20170130 19:27:42.917" starttime="20170130 19:27:42.905" status="PASS"></status>
</kw>
<status endtime="20170130 19:27:42.919" starttime="20170130 19:27:42.852" status="PASS"></status>
</kw>
<kw name="Mark Location">
<arguments>
<arg>2</arg>
<arg>2</arg>
</arguments>
<kw library="BuiltIn" name="Catenate">
<doc>Catenates the given items together and returns the resulted string.</doc>
<arguments>
<arg>SEPARATOR=</arg>
<arg>Location</arg>
<arg>${row}</arg>
<arg>${col}</arg>
</arguments>
<assign>
<var>${component}</var>
</assign>
<msg level="INFO" timestamp="20170130 19:27:42.933">${component} = Location22</msg>
<status endtime="20170130 19:27:42.938" starttime="20170130 19:27:42.925" status="PASS"></status>
</kw>
<kw library="SwingLibrary" name="Click On Component">
<doc>Clicks on a component.</doc>
<arguments>
<arg>${component}</arg>
</arguments>
<status endtime="20170130 19:27:42.976" starttime="20170130 19:27:42.939" status="PASS"></status>
</kw>
<status endtime="20170130 19:27:42.978" starttime="20170130 19:27:42.921" status="PASS"></status>
</kw>
<kw name="Check Location">
<arguments>
<arg>2</arg>
<arg>2</arg>
<arg>X</arg>
</arguments>
<kw library="BuiltIn" name="Catenate">
<doc>Catenates the given items together and returns the resulted string.</doc>
<arguments>
<arg>SEPARATOR=</arg>
<arg>Location</arg>
<arg>${row}</arg>
<arg>${col}</arg>
</arguments>
<assign>
<var>${component}</var>
</assign>
<msg level="INFO" timestamp="20170130 19:27:42.992">${component} = Location22</msg>
<status endtime="20170130 19:27:42.994" starttime="20170130 19:27:42.986" status="PASS"></status>
</kw>
<kw library="SwingLibrary" name="Get Button Text">
<doc>Uses current context to search for a button and when found, returns the text it is labeled with.</doc>
<arguments>
<arg>${component}</arg>
</arguments>
<assign>
<var>${buttonText}</var>
</assign>
<msg level="INFO" timestamp="20170130 19:27:43.014">${buttonText} = X</msg>
<status endtime="20170130 19:27:43.017" starttime="20170130 19:27:42.995" status="PASS"></status>
</kw>
<kw library="BuiltIn" name="Should Be Equal">
<doc>Fails if the given objects are unequal.</doc>
<arguments>
<arg>${buttonText}</arg>
<arg>${mark}</arg>
</arguments>
<status endtime="20170130 19:27:43.025" starttime="20170130 19:27:43.019" status="PASS"></status>
</kw>
<status endtime="20170130 19:27:43.027" starttime="20170130 19:27:42.980" status="PASS"></status>
</kw>
<kw name="Winner Should Be">
<arguments>
<arg>TIE</arg>
</arguments>
<kw library="SwingLibrary" name="Get Label Content">
<doc>Returns the text displayed on a label.</doc>
<arguments>
<arg>ResultLabel</arg>
</arguments>
<assign>
<var>${text}</var>
</assign>
<msg level="INFO" timestamp="20170130 19:27:43.048">${text} = PLAYER: O</msg>
<status endtime="20170130 19:27:43.049" starttime="20170130 19:27:43.035" status="PASS"></status>
</kw>
<kw library="BuiltIn" name="Should Be Equal">
<doc>Fails if the given objects are unequal.</doc>
<arguments>
<arg>${text}</arg>
<arg>${winner}</arg>
</arguments>
<msg level="FAIL" timestamp="20170130 19:27:43.061">PLAYER: O != TIE</msg>
<status endtime="20170130 19:27:43.064" starttime="20170130 19:27:43.051" status="FAIL"></status>
</kw>
<status endtime="20170130 19:27:43.067" starttime="20170130 19:27:43.030" status="FAIL"></status>
</kw>
<status critical="yes" endtime="20170130 19:27:43.075" starttime="20170130 19:27:41.424" status="FAIL">PLAYER: O != TIE</status>
</test>
<status endtime="20170130 19:27:43.140" starttime="20170130 19:27:34.977" status="FAIL"></status>
</suite>
<status endtime="20170130 19:27:43.183" starttime="20170130 19:27:34.134" status="FAIL"></status>
</suite>
<statistics>
<total>
<stat pass="0" fail="3">Critical Tests</stat>
<stat pass="0" fail="3">All Tests</stat>
</total>
<tag>
</tag>
<suite>
<stat pass="0" fail="3" name="Acceptancetest" id="s1">Acceptancetest</stat>
<stat pass="0" fail="3" name="TicTacToeGUITests" id="s1-s1">Acceptancetest.TicTacToeGUITests</stat>
</suite>
</statistics>
<errors>
</errors>
</robot>
